2024/07/27 07:20:51.021350 - [info] downloader [win32]: downloading: https://dl.subdl.com/subtitle/3212633-3229418.zip --> https://dl.subdl.com/subtitle/3212633-3229418.zip --> SUBDL::candy-cane-lane-indonesian-3229418.zip
2024/07/27 07:20:52.267893 - [info] downloader [win32]: downloading: https://dl.subdl.com/subtitle/3212109-3228893.zip --> https://dl.subdl.com/subtitle/3212109-3228893.zip --> SUBDL::candy-cane-lane-indonesian-3228893.zip
2024/07/27 14:31:06.265506 - [info] downloader [win32]: downloading: https://dl.subdl.com/subtitle/3391766-8314883.zip --> https://dl.subdl.com/subtitle/3391766-8314883.zip --> Civil.War.2024.1080p.BluRay.DDP5.1.x265.10bit-GalaxyRG265.zip
2024/07/27 14:31:07.721544 - [info] downloader [win32]: downloading: https://dl.subdl.com/subtitle/3391063-8314162.zip --> https://dl.subdl.com/subtitle/3391063-8314162.zip --> Civil.War.2024.BluRay.id.zip
2024/07/27 14:31:09.509422 - [info] downloader [win32]: downloading: https://dl.subdl.com/subtitle/3317064-10005935.zip --> https://dl.subdl.com/subtitle/3317064-10005935.zip --> Civil.War.2024.720p.WEBRip.x264.AAC-[YTS.MX].zip
2024/07/27 14:31:11.359325 - [info] downloader [win32]: downloading: https://dl.subdl.com/subtitle/3316941-10005799.zip --> https://dl.subdl.com/subtitle/3316941-10005799.zip --> Civil.War.2024.WEBRip.id.zip
2024/07/27 14:31:13.298861 - [info] downloader [win32]: downloading: https://dl.subdl.com/subtitle/3316930-10005786.zip --> https://dl.subdl.com/subtitle/3316930-10005786.zip --> Civil.War.2024.720p.WEBRip.x264.AAC-[YTS.MX].zip
2024/08/02 23:15:12.020823 - [info] downloader [win32]: downloading: https://dl.subdl.com/subtitle/3305781-3328691.zip --> https://dl.subdl.com/subtitle/3305781-3328691.zip --> SUBDL::les-trois-mousquetaires-milady-indonesian-3328691.zip
2024/08/02 23:16:30.112909 - [info] downloader [win32]: downloading: https://dl.subdl.com/subtitle/3305781-3328691.zip --> https://dl.subdl.com/subtitle/3305781-3328691.zip --> SUBDL::les-trois-mousquetaires-milady-indonesian-3328691.zip
2024/08/09 16:49:18.744996 - [info] downloader [win32]: downloading: https://dl.subdl.com/subtitle/3398103-8321352.zip --> https://dl.subdl.com/subtitle/3398103-8321352.zip --> The.Umbrella.Academy.S04E02.NF.WEB.h264-ETHEL.id.zip
2024/08/09 16:49:21.008176 - [info] downloader [win32]: downloading: https://dl.subdl.com/subtitle/3398102-8321351.zip --> https://dl.subdl.com/subtitle/3398102-8321351.zip --> The.Umbrella.Academy.S04E01.NF.WEB.h264-ETHEL.en.zip
2024/08/09 16:49:24.034845 - [info] downloader [win32]: downloading: https://dl.subdl.com/subtitle/3398099-8321348.zip --> https://dl.subdl.com/subtitle/3398099-8321348.zip --> The.Umbrella.Academy.S04E02.NF.WEB.h264-ETHEL.en[cc].zip
2024/08/09 16:49:27.436620 - [info] downloader [win32]: downloading: https://dl.subdl.com/subtitle/2988438-2983863.zip --> https://dl.subdl.com/subtitle/2988438-2983863.zip --> SUBDL::the-umbrella-academy-indonesian-2983863.zip
2024/08/13 22:33:33.307868 - [info] downloader [win32]: downloading: https://dl.subdl.com/subtitle/3396746-8319961.zip --> https://dl.subdl.com/subtitle/3396746-8319961.zip --> Watchmen.Chapter.I.2024.1080p.AMZN.WEB-DL.DDP5.1.H.264 (SDH).zip
2024/08/13 22:33:40.499126 - [info] downloader [win32]: downloading: https://dl.subdl.com/subtitle/3396745-8319960.zip --> https://dl.subdl.com/subtitle/3396745-8319960.zip --> Watchmen.Chapter.I.2024.1080p.AMZN.WEB-DL.DDP5.1.H.264.zip
2024/08/20 20:39:13.882416 - [info] downloader [win32]: downloading: https://dl.subdl.com/subtitle/3400588-8323873.zip --> https://dl.subdl.com/subtitle/3400588-8323873.zip --> Inside.Out.2.2024.1080p.WEB-DL.x264.6CH-Pahe.in.zip
2024/08/20 20:39:16.116702 - [info] downloader [win32]: downloading: https://dl.subdl.com/subtitle/3400524-8323809.zip --> https://dl.subdl.com/subtitle/3400524-8323809.zip --> Inside Out 2 (2024) 1080p WEB-DL DDP 5.1 H.265-FLUX-WAN.zip
2024/08/20 20:39:18.456389 - [info] downloader [win32]: downloading: https://dl.subdl.com/subtitle/3400523-8323808.zip --> https://dl.subdl.com/subtitle/3400523-8323808.zip --> (SDH) Inside Out 2 (2024) 1080p WEB-DL DDP 5.1 H.265-FLUX-WAN.zip
2024/08/27 14:38:38.108201 - [info] downloader [win32]: downloading: https://dl.subdl.com/subtitle/3161194-3176168.zip --> https://dl.subdl.com/subtitle/3161194-3176168.zip --> SUBDL::cobweb-indonesian-3176168.zip
2024/08/27 14:38:39.290978 - [info] downloader [win32]: downloading: https://dl.subdl.com/subtitle/3161165-3176160.zip --> https://dl.subdl.com/subtitle/3161165-3176160.zip --> SUBDL::cobweb-indonesian-3176160.zip
2024/08/27 14:38:40.829840 - [info] downloader [win32]: downloading: https://dl.subdl.com/subtitle/3157448-3172104.zip --> https://dl.subdl.com/subtitle/3157448-3172104.zip --> SUBDL::cobweb-indonesian-3172104.zip
2024/08/27 14:38:42.694041 - [info] downloader [win32]: downloading: https://dl.subdl.com/subtitle/3157209-3171838.zip --> https://dl.subdl.com/subtitle/3157209-3171838.zip --> SUBDL::cobweb-indonesian-3171838.zip
2024/08/27 14:38:45.396885 - [info] downloader [win32]: downloading: https://dl.subdl.com/subtitle/3142022-3155998.zip --> https://dl.subdl.com/subtitle/3142022-3155998.zip --> SUBDL::cobweb-indonesian-3155998.zip
2024/08/27 14:41:16.105493 - [info] downloader [win32]: downloading: https://dl.subdl.com/subtitle/3328532-3148348.zip --> https://dl.subdl.com/subtitle/3328532-3148348.zip --> cobweb_HI_english-3148348.zip
2024/08/27 14:41:17.147170 - [info] downloader [win32]: downloading: https://dl.subdl.com/subtitle/3235379-3252961.zip --> https://dl.subdl.com/subtitle/3235379-3252961.zip --> SUBDL::cobweb-english-3252961.zip
2024/08/27 14:41:18.069219 - [info] downloader [win32]: downloading: https://dl.subdl.com/subtitle/3157167-3171818.zip --> https://dl.subdl.com/subtitle/3157167-3171818.zip --> SUBDL::cobweb-english-3171818.zip
2024/08/27 14:41:19.430047 - [info] downloader [win32]: downloading: https://dl.subdl.com/subtitle/3146655-3160955.zip --> https://dl.subdl.com/subtitle/3146655-3160955.zip --> SUBDL::cobweb-english-3160955.zip
2024/08/27 14:41:21.039095 - [info] downloader [win32]: downloading: https://dl.subdl.com/subtitle/3136875-3150646.zip --> https://dl.subdl.com/subtitle/3136875-3150646.zip --> SUBDL::cobweb-english-3150646.zip
2024/08/27 14:42:31.918548 - [info] downloader [win32]: downloading: https://dl.subdl.com/subtitle/3161194-3176168.zip --> https://dl.subdl.com/subtitle/3161194-3176168.zip --> SUBDL::cobweb-indonesian-3176168.zip
2024/08/27 14:42:33.397120 - [info] downloader [win32]: downloading: https://dl.subdl.com/subtitle/3161165-3176160.zip --> https://dl.subdl.com/subtitle/3161165-3176160.zip --> SUBDL::cobweb-indonesian-3176160.zip
2024/08/27 14:42:35.059797 - [info] downloader [win32]: downloading: https://dl.subdl.com/subtitle/3157448-3172104.zip --> https://dl.subdl.com/subtitle/3157448-3172104.zip --> SUBDL::cobweb-indonesian-3172104.zip
2024/08/27 14:42:36.973816 - [info] downloader [win32]: downloading: https://dl.subdl.com/subtitle/3157209-3171838.zip --> https://dl.subdl.com/subtitle/3157209-3171838.zip --> SUBDL::cobweb-indonesian-3171838.zip
2024/08/27 14:42:42.004635 - [info] downloader [win32]: downloading: https://dl.subdl.com/subtitle/3142022-3155998.zip --> https://dl.subdl.com/subtitle/3142022-3155998.zip --> SUBDL::cobweb-indonesian-3155998.zip
2024/08/28 00:32:09.049026 - [info] downloader [win32]: downloading: https://dl.subdl.com/subtitle/3401560-8324855.zip --> https://dl.subdl.com/subtitle/3401560-8324855.zip --> Indo.The.Killer.2024.WEBRip.HDRip.zip
2024/08/28 00:32:10.137674 - [info] downloader [win32]: downloading: https://dl.subdl.com/subtitle/3401363-8324656.zip --> https://dl.subdl.com/subtitle/3401363-8324656.zip --> The.Killer.2024.720p.WEBRip.x264.AAC-[YTS.MX].id.zip
2024/08/30 00:04:43.050209 - [info] downloader [win32]: downloading: https://dl.subdl.com/subtitle/3402888-8326212.zip --> https://dl.subdl.com/subtitle/3402888-8326212.zip --> The.Lord.of.the.Rings.The.Rings.of.Power.S02E01.AMZN.WEB.H264-SuccessfulCrab.en[sdh].zip
2024/09/01 22:28:04.273891 - [info] downloader [win32]: downloading: https://dl.subdl.com/subtitle/3402392-8325707.zip --> https://dl.subdl.com/subtitle/3402392-8325707.zip --> (Polos - TV) Kinds.of.Kindness.2024.YTS.WebRip.WebDL.HDRip.Pahe.ink.PSA.EveryAgent.zip
2024/09/01 22:28:04.792349 - [info] downloader [win32]: downloading: https://dl.subdl.com/subtitle/3402302-8325615.zip --> https://dl.subdl.com/subtitle/3402302-8325615.zip --> (SDH) Kinds of Kindness (2024) 1080p WEB-DL DDP 5.1 Atmos H.264 FLUX-WAN.zip
2024/09/01 22:28:05.297952 - [info] downloader [win32]: downloading: https://dl.subdl.com/subtitle/3402301-8325614.zip --> https://dl.subdl.com/subtitle/3402301-8325614.zip --> Kinds of Kindness (2024) 1080p WEB-DL DDP 5.1 Atmos H.264 FLUX-WAN.zip
2024/09/14 16:11:04.067889 - [info] downloader [win32]: downloading: https://dl.subdl.com/subtitle/3406721-8330091.zip --> https://dl.subdl.com/subtitle/3406721-8330091.zip --> Indo.The.Crow.2024.WEBRip.HDRip.zip
2024/09/14 16:11:06.354648 - [info] downloader [win32]: downloading: https://dl.subdl.com/subtitle/3406619-8329988.zip --> https://dl.subdl.com/subtitle/3406619-8329988.zip --> The.Crow.2024.720p.WEBRip.x264.AAC-[YTS.MX].zip
2024/09/14 16:11:09.146692 - [info] downloader [win32]: downloading: https://dl.subdl.com/subtitle/3406588-8329957.zip --> https://dl.subdl.com/subtitle/3406588-8329957.zip --> The.Crow.2024.AMZN.WEB-DL.zip
2024/09/14 16:11:15.717071 - [info] downloader [win32]: downloading: https://dl.subdl.com/subtitle/3406125-8329485.zip --> https://dl.subdl.com/subtitle/3406125-8329485.zip --> LINK.FILM_The.Crow.2024.1080p.AMZN.WEB-DL.DDP5.1.Atmos.H.264.zip
2024/09/14 16:11:21.945147 - [info] downloader [win32]: downloading: https://dl.subdl.com/subtitle/3406124-8329484.zip --> https://dl.subdl.com/subtitle/3406124-8329484.zip --> LINK.FILM_The.Crow.2024.HDTS.c1nem4.x264-SUNSCREEN.zip
2024/09/18 23:36:35.786497 - [info] downloader [win32]: downloading: https://dl.subdl.com/subtitle/3406581-8329949.zip --> https://dl.subdl.com/subtitle/3406581-8329949.zip --> Uglies.2024.WEBRip.NF.id.zip
2024/09/19 21:24:14.288232 - [info] downloader [win32]: downloading: https://dl.subdl.com/subtitle/3407949-8331337.zip --> https://dl.subdl.com/subtitle/3407949-8331337.zip --> The.Lord.of.the.Rings_.The.Rings.of.Power.S02E06.Where.Is.He_.WEBRip.Amazon.id-id.zip
2024/09/19 21:24:17.075035 - [info] downloader [win32]: downloading: https://dl.subdl.com/subtitle/3407920-8331308.zip --> https://dl.subdl.com/subtitle/3407920-8331308.zip --> The.Lord.of.the.Rings.The.Rings.of.Power.S02E06.AMZN.WEB.H264-SuccessfulCrab.id.zip
2024/09/27 16:08:10.198225 - [info] downloader [win32]: downloading: https://dl.subdl.com/subtitle/3409415-8332822.zip --> https://dl.subdl.com/subtitle/3409415-8332822.zip --> The.Lord.of.the.Rings.The.Rings.of.Power.S02E07.AMZN.WEB.H264-SuccessfulCrab.id.zip
2024/09/27 16:09:19.523748 - [info] downloader [win32]: downloading: https://dl.subdl.com/subtitle/3409415-8332822.zip --> https://dl.subdl.com/subtitle/3409415-8332822.zip --> The.Lord.of.the.Rings.The.Rings.of.Power.S02E07.AMZN.WEB.H264-SuccessfulCrab.id.zip
2024/09/28 13:42:47.300387 - [info] downloader [win32]: downloading: https://dl.subdl.com/subtitle/3409576-8332986.zip --> https://dl.subdl.com/subtitle/3409576-8332986.zip --> Wolfs.2024.ATVP.WEB.H264-AccomplishedYak.id.zip
2024/10/01 06:44:34.047133 - [info] downloader [win32]: downloading: https://dl.subdl.com/subtitle/3407660-8331047.zip --> https://dl.subdl.com/subtitle/3407660-8331047.zip --> Deadpool.and.Wolverine.2024.HDTS.c1nem4.x264-SUNSCREEN.zip
2024/10/01 06:44:41.573763 - [info] downloader [win32]: downloading: https://dl.subdl.com/subtitle/3407601-8330988.zip --> https://dl.subdl.com/subtitle/3407601-8330988.zip --> Deadpool.and.Wolverine.2024.1080p.AMZN.WEB-DL.DDP5.1.Atmos.H.264.zip
